<?xml version="1.0" encoding="UTF-8"?>
<testsuite xmlns:xsi="http://www.w3.org/2001/XMLSchema-instance" xsi:noNamespaceSchemaLocation="https://maven.apache.org/surefire/maven-surefire-plugin/xsd/surefire-test-report-3.0.xsd" version="3.0" name="org.apache.tapestry.Sampleproject.tapestry.unit.pages.IndexTest" time="3.527" tests="1" errors="0" skipped="0" failures="0">
  <properties>
[...]
</properties>
  <testcase name="test" classname="org.apache.tapestry.Sampleproject.tapestry.unit.pages.IndexTest" time="3.506">
    <system-out><![CDATA[2023-09-09 16:55:14,609 [main                  ] INFO                      org.apache.tapestry5.ioc.RegistryBuilder Adding module definition for class org.apache.tapestry5.ioc.modules.TapestryIOCModule
2023-09-09 16:55:14,649 [main                  ] INFO                      org.apache.tapestry5.ioc.RegistryBuilder Adding module definition for class org.apache.tapestry5.json.modules.JSONModule
2023-09-09 16:55:14,663 [main                  ] INFO                      org.apache.tapestry5.ioc.RegistryBuilder Adding module definition for class org.apache.tapestry5.webresources.modules.WebResourcesModule
2023-09-09 16:55:14,885 [main                  ] INFO                      org.apache.tapestry5.ioc.RegistryBuilder Adding module definition for class org.apache.tapestry5.hibernate.web.modules.HibernateModule
2023-09-09 16:55:14,891 [main                  ] INFO                      org.apache.tapestry5.ioc.RegistryBuilder Adding module definition for class org.apache.tapestry5.hibernate.modules.HibernateCoreModule
2023-09-09 16:55:14,903 [main                  ] INFO                      org.apache.tapestry5.ioc.RegistryBuilder Adding module definition for class org.apache.tapestry5.upload.modules.UploadModule
2023-09-09 16:55:14,908 [main                  ] INFO                      org.apache.tapestry5.ioc.RegistryBuilder Adding module definition for class org.apache.tapestry5.http.modules.TapestryHttpModule
2023-09-09 16:55:14,919 [main                  ] INFO                      org.apache.tapestry5.ioc.RegistryBuilder Adding module definition for class org.apache.tapestry.Sampleproject.services.AppModule
2023-09-09 16:55:14,927 [main                  ] INFO                      org.apache.tapestry5.ioc.RegistryBuilder Adding module definition for class org.apache.tapestry5.modules.Bootstrap4Module
2023-09-09 16:55:14,931 [main                  ] INFO                      org.apache.tapestry5.ioc.RegistryBuilder Adding module definition for class org.apache.tapestry5.modules.TapestryModule
2023-09-09 16:55:15,018 [main                  ] INFO                      org.apache.tapestry5.ioc.RegistryBuilder Adding module definition for class org.apache.tapestry5.modules.InternalModule
2023-09-09 16:55:15,040 [main                  ] INFO                      org.apache.tapestry5.ioc.RegistryBuilder Adding module definition for class org.apache.tapestry5.modules.AssetsModule
2023-09-09 16:55:15,057 [main                  ] INFO                      org.apache.tapestry5.ioc.RegistryBuilder Adding module definition for class org.apache.tapestry5.modules.PageLoadModule
2023-09-09 16:55:15,061 [main                  ] INFO                      org.apache.tapestry5.ioc.RegistryBuilder Adding module definition for class org.apache.tapestry5.modules.JavaScriptModule
2023-09-09 16:55:15,067 [main                  ] INFO                      org.apache.tapestry5.ioc.RegistryBuilder Adding module definition for class org.apache.tapestry5.modules.CompatibilityModule
2023-09-09 16:55:15,069 [main                  ] INFO                      org.apache.tapestry5.ioc.RegistryBuilder Adding module definition for class org.apache.tapestry5.modules.DashboardModule
2023-09-09 16:55:15,071 [main                  ] INFO                      org.apache.tapestry5.ioc.RegistryBuilder Adding module definition for class org.apache.tapestry5.internal.test.PageTesterModule
2023-09-09 16:55:15,074 [main                  ] INFO                      org.apache.tapestry5.ioc.RegistryBuilder Adding module definition for class org.apache.tapestry.Sampleproject.services.QaModule
2023-09-09 16:55:15,425 [main                  ] INFO  rg.apache.tapestry5.modules.TapestryModule.ComponentOverride Component replacements (including components, pages and mixins):
org.apache.tapestry5.corelib.components.Glyphicon: org.apache.tapestry5.corelib.components.FontAwesomeIcon

2023-09-09 16:55:15,530 [main                  ] INFO  tapestry5.modules.InternalModule.ComponentInstantiatorSource Initializing page pool
2023-09-09 16:55:15,582 [main                  ] INFO                          org.apache.tapestry5.test.PageTester Startup status:

Services:

          AjaxComponentEventRequestHandler: DEFINED
         AjaxComponentEventResultProcessor: DEFINED
                  AjaxFormUpdateController: DEFINED
               AjaxPartialResponseRenderer: DEFINED
                      AjaxResponseRenderer: DEFINED
                              AlertManager: VIRTUAL
                       ApplicationDefaults: REAL
                        ApplicationGlobals: REAL
                    ApplicationInitializer: DEFINED
                   ApplicationStateManager: DEFINED
 ApplicationStatePersistenceStrategySource: DEFINED
                           AspectDecorator: REAL
                       AssetBindingFactory: DEFINED
                    AssetChecksumGenerator: DEFINED
                           AssetDispatcher: DEFINED
                       AssetObjectProvider: REAL
                      AssetPathConstructor: DEFINED
                        AssetPathConverter: DEFINED
                               AssetSource: VIRTUAL
                       AsyncRequestService: DEFINED
                             BaseURLSource: DEFINED
                   BeanBlockOverrideSource: DEFINED
                           BeanBlockSource: DEFINED
                           BeanModelSource: DEFINED
                             BindingSource: DEFINED
                              ChainBuilder: DEFINED
                          ClassNameLocator: VIRTUAL
                ClasspathAssetAliasManager: DEFINED
                     ClasspathAssetFactory: DEFINED
              ClasspathAssetProtectionRule: DEFINED
                          ClasspathScanner: DEFINED
                     ClasspathURLConverter: VIRTUAL
                     ClientBehaviorSupport: DEFINED
                         ClientDataEncoder: DEFINED
              ClientPersistentFieldStorage: DEFINED
             ClientPersistentFieldStrategy: DEFINED
                           ClientWhitelist: DEFINED
                             Compatibility: REAL
                       ComponentClassCache: DEFINED
                    ComponentClassResolver: REAL
             ComponentClassTransformWorker: VIRTUAL
      ComponentClassesInvalidationEventHub: REAL
                  ComponentDefaultProvider: DEFINED
      ComponentDependencyGraphvizGenerator: DEFINED
               ComponentDependencyRegistry: VIRTUAL
                 ComponentEventLinkEncoder: DEFINED
             ComponentEventLinkTransformer: DEFINED
              ComponentEventRequestHandler: DEFINED
             ComponentEventResultProcessor: DEFINED
          ComponentInstanceResultProcessor: DEFINED
               ComponentInstantiatorSource: REAL
                ComponentLibraryInfoSource: DEFINED
     ComponentMessagesInvalidationEventHub: DEFINED
                   ComponentMessagesSource: DEFINED
                      ComponentModelSource: DEFINED
                         ComponentOverride: REAL
       ComponentPageElementResourcesSource: DEFINED
                     ComponentProxyFactory: VIRTUAL
                   ComponentRequestHandler: DEFINED
          ComponentRequestSelectorAnalyzer: DEFINED
                  ComponentResourceLocator: DEFINED
                           ComponentSource: DEFINED
                  ComponentTemplateLocator: DEFINED
                   ComponentTemplateSource: DEFINED
    ComponentTemplatesInvalidationEventHub: DEFINED
                       CompressionAnalyzer: DEFINED
                       ContentTypeAnalyzer: DEFINED
                                   Context: DEFINED
                       ContextAssetFactory: DEFINED
                     ContextBindingFactory: DEFINED
                        ContextPathEncoder: DEFINED
                       ContextValueEncoder: DEFINED
                                CookieSink: DEFINED
                              CookieSource: DEFINED
                                   Cookies: DEFINED
                       CoreJavaScriptStack: DEFINED
                         CorsHandlerHelper: DEFINED
              CorsHttpServletRequestFilter: DEFINED
                          DashboardManager: DEFINED
                          DataTypeAnalyzer: DEFINED
                             DateUtilities: DEFINED
                   DefaultDataTypeAnalyzer: DEFINED
                    DefaultFileItemFactory: DEFINED
                DefaultHibernateConfigurer: DEFINED
              DefaultImplementationBuilder: DEFINED
                         DeferredExecution: VIRTUAL
                        DeprecationWarning: DEFINED
                     DynamicTemplateParser: VIRTUAL
                    Emailservicesinterface: DEFINED
                      EndOfRequestEventHub: DEFINED
                               Environment: DEFINED
                EnvironmentalShadowBuilder: DEFINED
                         ExceptionAnalyzer: DEFINED
                     ExceptionReportWriter: DEFINED
                         ExceptionReporter: DEFINED
                          ExceptionTracker: DEFINED
                           FactoryDefaults: REAL
                     FieldTranslatorSource: DEFINED
                    FieldValidationSupport: DEFINED
               FieldValidatorDefaultSource: DEFINED
                      FieldValidatorSource: DEFINED
                    FormControlNameManager: DEFINED
                               FormSupport: DEFINED
     GoogleClosureMinimizerOptionsProvider: DEFINED
                                 Heartbeat: DEFINED
             HibernateEntityPackageManager: DEFINED
                   HibernateSessionManager: DEFINED
                    HibernateSessionSource: VIRTUAL
               HibernateTransactionAdvisor: DEFINED
             HibernateTransactionDecorator: DEFINED
                  HiddenFieldLocationRules: DEFINED
                              Html5Support: DEFINED
                  HttpRequestBodyConverter: DEFINED
                        HttpServletRequest: DEFINED
                 HttpServletRequestHandler: DEFINED
                       HttpServletResponse: DEFINED
                        IgnoredPathsFilter: DEFINED
                         InjectionProvider: DEFINED
     InternalComponentInvalidationEventHub: REAL
                   InternalJavaScriptStack: DEFINED
                    InternalRequestGlobals: DEFINED
                  JavaScriptStackAssembler: DEFINED
            JavaScriptStackPathConstructor: DEFINED
                     JavaScriptStackSource: DEFINED
                         JavaScriptSupport: DEFINED
                               LazyAdvisor: DEFINED
                           LinkCreationHub: DEFINED
                                LinkSource: DEFINED
                           LinkTransformer: DEFINED
                        LocalizationSetter: DEFINED
                          LocationRenderer: DEFINED
                              LoggerSource: BUILTIN
                            LoggingAdvisor: DEFINED
                          LoggingDecorator: DEFINED
                       MappedEntityManager: DEFINED
                            MarkupRenderer: DEFINED
                       MarkupWriterFactory: DEFINED
                          MasterDispatcher: DEFINED
                      MasterObjectProvider: REAL
           MasterStackTraceElementAnalyzer: DEFINED
                     MessageBindingFactory: DEFINED
                           MetaDataLocator: DEFINED
                                MetaWorker: DEFINED
                             ModuleManager: DEFINED
                          MultipartDecoder: DEFINED
                          Myemailinterface: DEFINED
           NullFieldStrategyBindingFactory: DEFINED
                   NullFieldStrategySource: DEFINED
                  NumericTranslatorSupport: DEFINED
                            ObjectRenderer: DEFINED
             OpenApiDocumentationGenerator: DEFINED
                      OpenApiTypeDescriber: DEFINED
                          OperationAdvisor: DEFINED
            PageActivationContextCollector: DEFINED
                             PageActivator: DEFINED
           PageCachingReferenceTypeService: DEFINED
             PageClassLoaderContextManager: REAL
                   PageContentTypeAnalyzer: DEFINED
                     PageDocumentGenerator: DEFINED
                        PageElementFactory: DEFINED
                                PageLoader: DEFINED
                        PageMarkupRenderer: DEFINED
                             PagePreloader: VIRTUAL
                      PageRenderLinkSource: DEFINED
                 PageRenderLinkTransformer: DEFINED
                           PageRenderQueue: DEFINED
                  PageRenderRequestHandler: DEFINED
                      PageResponseRenderer: DEFINED
                                PageSource: DEFINED
                     PartialMarkupRenderer: DEFINED
                   PartialTemplateRenderer: DEFINED
                           PathConstructor: DEFINED
                          PeriodicExecutor: REAL
                    PersistentFieldManager: DEFINED
                          PersistentLocale: DEFINED
                          PerthreadManager: BUILTIN
                           PipelineBuilder: DEFINED
                       PlasticProxyFactory: BUILTIN
                        PropBindingFactory: DEFINED
                      PropertiesFileParser: DEFINED
                            PropertyAccess: VIRTUAL
                     PropertyConduitSource: REAL
                     PropertyShadowBuilder: DEFINED
                       RegistryShutdownHub: BUILTIN
                           RegistryStartup: REAL
                              ReloadHelper: REAL
                                   Request: DEFINED
                   RequestExceptionHandler: DEFINED
                            RequestGlobals: DEFINED
                            RequestHandler: VIRTUAL
                          RequestPageCache: DEFINED
                    RequestSecurityManager: DEFINED
                     ResourceChangeTracker: DEFINED
                   ResourceDigestGenerator: DEFINED
                     ResourceDigestManager: DEFINED
                         ResourceMinimizer: DEFINED
                          ResourceStreamer: DEFINED
                ResourceTransformerFactory: DEFINED
                                  Response: DEFINED
               ResponseCompressionAnalyzer: DEFINED
                          ResponseRenderer: DEFINED
                               RestSupport: DEFINED
                        SelectModelFactory: DEFINED
                 ServiceActivityScoreboard: BUILTIN
           ServiceConfigurationListenerHub: DEFINED
                    ServiceLifecycleSource: REAL
                           ServiceOverride: REAL
             ServletApplicationInitializer: DEFINED
                                   Session: VIRTUAL
SessionApplicationStatePersistenceStrategy: DEFINED
            SessionPersistedObjectAnalyzer: DEFINED
                           StrategyBuilder: DEFINED
                  StreamableResourceSource: DEFINED
                            StringInterner: REAL
                      SymbolBindingFactory: DEFINED
                              SymbolSource: REAL
                    TapestrySessionFactory: DEFINED
                            TemplateParser: DEFINED
                           TestableRequest: REAL
                          TestableResponse: VIRTUAL
                              ThreadLocale: DEFINED
                              ThunkCreator: DEFINED
                              TimingFilter: DEFINED
                   TranslateBindingFactory: DEFINED
                TranslatorAlternatesSource: DEFINED
                          TranslatorSource: DEFINED
                               TypeCoercer: REAL
                                URLEncoder: DEFINED
           UnknownActivationContextHandler: DEFINED
                         UpdateListenerHub: REAL
                    ValidateBindingFactory: DEFINED
             ValidationConstraintGenerator: DEFINED
                ValidationDecoratorFactory: DEFINED
                            ValidatorMacro: DEFINED
                        ValueEncoderSource: DEFINED
                        ValueLabelProvider: DEFINED

87.71% unrealized services (207/236)

Application 'App' (version 0.0.1-SNAPSHOT-qa) startup time: 428 ms to build IoC Registry, 931 ms overall.

 ______                  __             ____
/_  __/__ ____  ___ ___ / /_______ __  / __/
 / / / _ `/ _ \/ -_|_-</ __/ __/ // / /__ \ 
/_/  \_,_/ .__/\__/___/\__/_/  \_, / /____/
        /_/                   /___/  5.8.3 (development mode)


2023-09-09 16:55:15,836 [main                  ] INFO  ache.tapestry5.modules.TapestryModule.ComponentClassResolver Available pages (19):
                      (blank): org.apache.tapestry.Sampleproject.pages.Index
                        About: org.apache.tapestry.Sampleproject.pages.About
           ComponentLibraries: org.apache.tapestry5.corelib.pages.ComponentLibraries
                    Dashboard: org.apache.tapestry.Sampleproject.pages.Dashboard
                        Email: org.apache.tapestry.Sampleproject.pages.Email
                    Emailform: org.apache.tapestry.Sampleproject.pages.Emailform
                     Error404: org.apache.tapestry.Sampleproject.pages.Error404
              ExceptionReport: org.apache.tapestry5.corelib.pages.ExceptionReport
                        Gmail: org.apache.tapestry.Sampleproject.pages.Gmail
                        Index: org.apache.tapestry.Sampleproject.pages.Index
                        Login: org.apache.tapestry.Sampleproject.pages.Login
                  PageCatalog: org.apache.tapestry5.corelib.pages.PageCatalog
          PageDependencyGraph: org.apache.tapestry5.corelib.pages.PageDependencyGraph
        PropertyDisplayBlocks: org.apache.tapestry5.corelib.pages.PropertyDisplayBlocks
           PropertyEditBlocks: org.apache.tapestry5.corelib.pages.PropertyEditBlocks
                ServiceStatus: org.apache.tapestry5.corelib.pages.ServiceStatus
                       Signup: org.apache.tapestry.Sampleproject.pages.Signup
                  T5Dashboard: org.apache.tapestry5.corelib.pages.T5Dashboard
                     Userform: org.apache.tapestry.Sampleproject.pages.Userform
hibernate/HibernateStatistics: org.apache.tapestry5.hibernate.web.pages.HibernateStatistics
         hibernate/Statistics: org.apache.tapestry5.hibernate.web.pages.HibernateStatistics

2023-09-09 16:55:15,838 [main                  ] INFO  ache.tapestry5.modules.TapestryModule.ComponentClassResolver Available components (61):
        ActionLink: org.apache.tapestry5.corelib.components.ActionLink
        AddRowLink: org.apache.tapestry5.corelib.components.AddRowLink
      AjaxFormLoop: org.apache.tapestry5.corelib.components.AjaxFormLoop
            Alerts: org.apache.tapestry5.corelib.components.Alerts
               Any: org.apache.tapestry5.corelib.components.Any
       BeanDisplay: org.apache.tapestry5.corelib.components.BeanDisplay
      BeanEditForm: org.apache.tapestry5.corelib.components.BeanEditForm
        BeanEditor: org.apache.tapestry5.corelib.components.BeanEditor
          Checkbox: org.apache.tapestry5.corelib.components.Checkbox
         Checklist: org.apache.tapestry5.corelib.components.Checklist
         DateField: org.apache.tapestry5.corelib.components.DateField
          Delegate: org.apache.tapestry5.corelib.components.Delegate
           DevTool: org.apache.tapestry5.corelib.components.DevTool
           Doctype: org.apache.tapestry5.corelib.components.Doctype
           Dynamic: org.apache.tapestry5.corelib.components.Dynamic
             Error: org.apache.tapestry5.corelib.components.Error
            Errors: org.apache.tapestry5.corelib.components.Errors
         EventLink: org.apache.tapestry5.corelib.components.EventLink
  ExceptionDisplay: org.apache.tapestry5.corelib.components.ExceptionDisplay
   FontAwesomeIcon: org.apache.tapestry5.corelib.components.FontAwesomeIcon
              Form: org.apache.tapestry5.corelib.components.Form
      FormFragment: org.apache.tapestry5.corelib.components.FormFragment
         Glyphicon: org.apache.tapestry5.corelib.components.Glyphicon
          Graphviz: org.apache.tapestry5.corelib.components.Graphviz
              Grid: org.apache.tapestry5.corelib.components.Grid
          GridCell: org.apache.tapestry5.corelib.components.GridCell
       GridColumns: org.apache.tapestry5.corelib.components.GridColumns
         GridPager: org.apache.tapestry5.corelib.components.GridPager
          GridRows: org.apache.tapestry5.corelib.components.GridRows
            Hidden: org.apache.tapestry5.corelib.components.Hidden
    Html5DateField: org.apache.tapestry5.corelib.components.Html5DateField
                If: org.apache.tapestry5.corelib.components.If
             Label: org.apache.tapestry5.corelib.components.Label
            Layout: org.apache.tapestry.Sampleproject.components.Layout
        LinkSubmit: org.apache.tapestry5.corelib.components.LinkSubmit
         LocalDate: org.apache.tapestry5.corelib.components.LocalDate
              Loop: org.apache.tapestry5.corelib.components.Loop
            Output: org.apache.tapestry5.corelib.components.Output
         OutputRaw: org.apache.tapestry5.corelib.components.OutputRaw
          PageLink: org.apache.tapestry5.corelib.components.PageLink
           Palette: org.apache.tapestry5.corelib.components.Palette
     PasswordField: org.apache.tapestry5.corelib.components.PasswordField
ProgressiveDisplay: org.apache.tapestry5.corelib.components.ProgressiveDisplay
   PropertyDisplay: org.apache.tapestry5.corelib.components.PropertyDisplay
    PropertyEditor: org.apache.tapestry5.corelib.components.PropertyEditor
             Radio: org.apache.tapestry5.corelib.components.Radio
        RadioGroup: org.apache.tapestry5.corelib.components.RadioGroup
     RemoveRowLink: org.apache.tapestry5.corelib.components.RemoveRowLink
      RenderObject: org.apache.tapestry5.corelib.components.RenderObject
            Select: org.apache.tapestry5.corelib.components.Select
            Submit: org.apache.tapestry5.corelib.components.Submit
    SubmitNotifier: org.apache.tapestry5.corelib.components.SubmitNotifier
          TextArea: org.apache.tapestry5.corelib.components.TextArea
         TextField: org.apache.tapestry5.corelib.components.TextField
        TextOutput: org.apache.tapestry5.corelib.components.TextOutput
      TimeInterval: org.apache.tapestry5.corelib.components.TimeInterval
              Tree: org.apache.tapestry5.corelib.components.Tree
           Trigger: org.apache.tapestry5.corelib.components.Trigger
            Unless: org.apache.tapestry5.corelib.components.Unless
            Upload: org.apache.tapestry5.upload.components.Upload
              Zone: org.apache.tapestry5.corelib.components.Zone

2023-09-09 16:55:15,840 [main                  ] INFO  ache.tapestry5.modules.TapestryModule.ComponentClassResolver Available mixins (14):
           Autocomplete: org.apache.tapestry5.corelib.mixins.Autocomplete
                Confirm: org.apache.tapestry5.corelib.mixins.Confirm
            DiscardBody: org.apache.tapestry5.corelib.mixins.DiscardBody
         FormFieldFocus: org.apache.tapestry5.corelib.mixins.FormFieldFocus
              FormGroup: org.apache.tapestry5.corelib.mixins.FormGroup
               NotEmpty: org.apache.tapestry5.corelib.mixins.NotEmpty
     OverrideFieldFocus: org.apache.tapestry5.corelib.mixins.OverrideFieldFocus
PublishServerSideEvents: org.apache.tapestry5.corelib.mixins.PublishServerSideEvents
         RenderClientId: org.apache.tapestry5.corelib.mixins.RenderClientId
         RenderDisabled: org.apache.tapestry5.corelib.mixins.RenderDisabled
        RenderInformals: org.apache.tapestry5.corelib.mixins.RenderInformals
     RenderNotification: org.apache.tapestry5.corelib.mixins.RenderNotification
        TriggerFragment: org.apache.tapestry5.corelib.mixins.TriggerFragment
            ZoneRefresh: org.apache.tapestry5.corelib.mixins.ZoneRefresh

2023-09-09 16:55:16,466 [main                  ] INFO        org.apache.tapestry5.modules.InternalModule.PageLoader Loaded page 'Index' (en) in 297.355 ms
2023-09-09 16:55:16,551 [main                  ] INFO  ources.modules.WebResourcesModule.ResourceTransformerFactory Using C:\Users\ASUS\AppData\Local\Temp\/tapestry-asset-cache to store compiled assets (development mode only).
2023-09-09 16:55:17,379 [main                  ] INFO  pache.tapestry.Sampleproject.services.AppModule.TimingFilter Request time: 1725 ms
]]></system-out>
  </testcase>
</testsuite>